Using pre-set license
Built from '2021.3/staging' branch; Version is '2021.3.13f1 (9e7d58001ecf) revision 10386776'; Using compiler version '192829333'; Build Type 'Release'
OS: 'Windows 11  (10.0.22621) 64bit Core' Language: 'en' Physical Memory: 16076 MB
BatchMode: 1, IsHumanControllingUs: 0, StartBugReporterOnCrash: 0, Is64bit: 1, IsPro: 1

COMMAND LINE ARGUMENTS:
C:\Program Files\Unity\Hub\Editor\2021.3.13f1\Editor\Unity.exe
-adb2
-batchMode
-noUpm
-name
AssetImportWorker4
-projectPath
C:/Users/ffons/Documents/GitHub/reaganomics/Reaganomics
-logFile
Logs/AssetImportWorker4.log
-srvPort
51612
Successfully changed project path to: C:/Users/ffons/Documents/GitHub/reaganomics/Reaganomics
C:/Users/ffons/Documents/GitHub/reaganomics/Reaganomics
[UnityMemory] Configuration Parameters - Can be set up in boot.config
    "memorysetup-bucket-allocator-granularity=16"
    "memorysetup-bucket-allocator-bucket-count=8"
    "memorysetup-bucket-allocator-block-size=33554432"
    "memorysetup-bucket-allocator-block-count=8"
    "memorysetup-main-allocator-block-size=16777216"
    "memorysetup-thread-allocator-block-size=16777216"
    "memorysetup-gfx-main-allocator-block-size=16777216"
    "memorysetup-gfx-thread-allocator-block-size=16777216"
    "memorysetup-cache-allocator-block-size=4194304"
    "memorysetup-typetree-allocator-block-size=2097152"
    "memorysetup-profiler-bucket-allocator-granularity=16"
    "memorysetup-profiler-bucket-allocator-bucket-count=8"
    "memorysetup-profiler-bucket-allocator-block-size=33554432"
    "memorysetup-profiler-bucket-allocator-block-count=8"
    "memorysetup-profiler-allocator-block-size=16777216"
    "memorysetup-profiler-editor-allocator-block-size=1048576"
    "memorysetup-temp-allocator-size-main=16777216"
    "memorysetup-job-temp-allocator-block-size=2097152"
    "memorysetup-job-temp-allocator-block-size-background=1048576"
    "memorysetup-job-temp-allocator-reduction-small-platforms=262144"
    "memorysetup-temp-allocator-size-background-worker=32768"
    "memorysetup-temp-allocator-size-job-worker=262144"
    "memorysetup-temp-allocator-size-preload-manager=33554432"
    "memorysetup-temp-allocator-size-nav-mesh-worker=65536"
    "memorysetup-temp-allocator-size-audio-worker=65536"
    "memorysetup-temp-allocator-size-cloud-worker=32768"
    "memorysetup-temp-allocator-size-gi-baking-worker=262144"
    "memorysetup-temp-allocator-size-gfx=262144"
Refreshing native plugins compatible for Editor in 108.66 ms, found 4 plugins.
Preloading 0 native plugins for Editor in 0.00 ms.
Initialize engine version: 2021.3.13f1 (9e7d58001ecf)
[Subsystems] Discovering subsystems at path C:/Program Files/Unity/Hub/Editor/2021.3.13f1/Editor/Data/Resources/UnitySubsystems
[Subsystems] Discovering subsystems at path C:/Users/ffons/Documents/GitHub/reaganomics/Reaganomics/Assets
GfxDevice: creating device client; threaded=0; jobified=0
Direct3D:
    Version:  Direct3D 11.0 [level 11.1]
    Renderer: NVIDIA GeForce RTX 3070 Ti Laptop GPU (ID=0x24a0)
    Vendor:   NVIDIA
    VRAM:     8032 MB
    Driver:   31.0.15.2756
Initialize mono
Mono path[0] = 'C:/Program Files/Unity/Hub/Editor/2021.3.13f1/Editor/Data/Managed'
Mono path[1] = 'C:/Program Files/Unity/Hub/Editor/2021.3.13f1/Editor/Data/MonoBleedingEdge/lib/mono/unityjit-win32'
Mono config path = 'C:/Program Files/Unity/Hub/Editor/2021.3.13f1/Editor/Data/MonoBleedingEdge/etc'
Using monoOptions --debugger-agent=transport=dt_socket,embedding=1,server=y,suspend=n,address=127.0.0.1:56636
Begin MonoManager ReloadAssembly
Registering precompiled unity dll's ...
Register platform support module: C:/Program Files/Unity/Hub/Editor/2021.3.13f1/Editor/Data/PlaybackEngines/WebGLSupport/UnityEditor.WebGL.Extensions.dll
Register platform support module: C:/Program Files/Unity/Hub/Editor/2021.3.13f1/Editor/Data/PlaybackEngines/AndroidPlayer/UnityEditor.Android.Extensions.dll
Register platform support module: C:/Program Files/Unity/Hub/Editor/2021.3.13f1/Editor/Data/PlaybackEngines/iOSSupport/UnityEditor.iOS.Extensions.dll
Register platform support module: C:/Program Files/Unity/Hub/Editor/2021.3.13f1/Editor/Data/PlaybackEngines/WindowsStandaloneSupport/UnityEditor.WindowsStandalone.Extensions.dll
Register platform support module: C:/Program Files/Unity/Hub/Editor/2021.3.13f1/Editor/Data/PlaybackEngines/MetroSupport/UnityEditor.UWP.Extensions.dll
Registered in 0.012763 seconds.
Native extension for UWP target not found
Native extension for WindowsStandalone target not found
[usbmuxd] Start listen thread
[usbmuxd] Listen thread started
Native extension for iOS target not found
Native extension for Android target not found
Native extension for WebGL target not found
Refreshing native plugins compatible for Editor in 110.13 ms, found 4 plugins.
Preloading 0 native plugins for Editor in 0.00 ms.
Mono: successfully reloaded assembly
- Completed reload, in  0.649 seconds
Domain Reload Profiling:
	ReloadAssembly (649ms)
		BeginReloadAssembly (97ms)
			ExecutionOrderSort (0ms)
			DisableScriptedObjects (0ms)
			BackupInstance (0ms)
			ReleaseScriptingObjects (0ms)
			CreateAndSetChildDomain (1ms)
		EndReloadAssembly (452ms)
			LoadAssemblies (96ms)
			RebuildTransferFunctionScriptingTraits (0ms)
			SetupTypeCache (89ms)
			ReleaseScriptCaches (0ms)
			RebuildScriptCaches (20ms)
			SetupLoadedEditorAssemblies (300ms)
				LogAssemblyErrors (0ms)
				InitializePlatformSupportModulesInManaged (67ms)
				SetLoadedEditorAssemblies (0ms)
				RefreshPlugins (110ms)
				BeforeProcessingInitializeOnLoad (1ms)
				ProcessInitializeOnLoadAttributes (86ms)
				ProcessInitializeOnLoadMethodAttributes (36ms)
				AfterProcessingInitializeOnLoad (0ms)
				EditorAssembliesLoaded (0ms)
			ExecutionOrderSort2 (0ms)
			AwakeInstancesAfterBackupRestoration (0ms)
Platform modules already initialized, skipping
Registering precompiled user dll's ...
Registered in 0.020949 seconds.
Begin MonoManager ReloadAssembly
Symbol file LoadedFromMemory doesn't match image C:\Users\ffons\Documents\GitHub\reaganomics\Reaganomics\Library\PackageCache\com.unity.visualscripting@1.7.8\Editor\VisualScripting.Core\Dependencies\YamlDotNet\Unity.VisualScripting.YamlDotNet.dll
Symbol file LoadedFromMemory doesn't match image C:\Users\ffons\Documents\GitHub\reaganomics\Reaganomics\Library\PackageCache\com.unity.visualscripting@1.7.8\Editor\VisualScripting.Core\Dependencies\DotNetZip\Unity.VisualScripting.IonicZip.dll
Native extension for UWP target not found
Native extension for WindowsStandalone target not found
Native extension for iOS target not found
Native extension for Android target not found
Native extension for WebGL target not found
Refreshing native plugins compatible for Editor in 121.01 ms, found 4 plugins.
Preloading 0 native plugins for Editor in 0.00 ms.
Mono: successfully reloaded assembly
- Completed reload, in  1.720 seconds
Domain Reload Profiling:
	ReloadAssembly (1721ms)
		BeginReloadAssembly (249ms)
			ExecutionOrderSort (0ms)
			DisableScriptedObjects (5ms)
			BackupInstance (0ms)
			ReleaseScriptingObjects (0ms)
			CreateAndSetChildDomain (129ms)
		EndReloadAssembly (1352ms)
			LoadAssemblies (225ms)
			RebuildTransferFunctionScriptingTraits (0ms)
			SetupTypeCache (265ms)
			ReleaseScriptCaches (1ms)
			RebuildScriptCaches (73ms)
			SetupLoadedEditorAssemblies (773ms)
				LogAssemblyErrors (0ms)
				InitializePlatformSupportModulesInManaged (25ms)
				SetLoadedEditorAssemblies (0ms)
				RefreshPlugins (121ms)
				BeforeProcessingInitializeOnLoad (121ms)
				ProcessInitializeOnLoadAttributes (311ms)
				ProcessInitializeOnLoadMethodAttributes (189ms)
				AfterProcessingInitializeOnLoad (6ms)
				EditorAssembliesLoaded (0ms)
			ExecutionOrderSort2 (0ms)
			AwakeInstancesAfterBackupRestoration (8ms)
Platform modules already initialized, skipping
========================================================================
Worker process is ready to serve import requests
Launched and connected shader compiler UnityShaderCompiler.exe after 0.06 seconds
Refreshing native plugins compatible for Editor in 1.38 ms, found 4 plugins.
Preloading 0 native plugins for Editor in 0.00 ms.
Unloading 6375 Unused Serialized files (Serialized files now loaded: 0)
Unloading 49 unused Assets / (0.8 MB). Loaded Objects now: 6846.
Memory consumption went from 252.0 MB to 251.2 MB.
Total: 6.046900 ms (FindLiveObjects: 0.485800 ms CreateObjectMapping: 0.371000 ms MarkObjects: 4.698400 ms  DeleteObjects: 0.490500 ms)

AssetImportParameters requested are different than current active one (requested -> active):
  custom:video-decoder-ogg-theora: a1e56fd34408186e4bbccfd4996cb3dc -> 
  custom:container-muxer-webm: aa71ff27fc2769a1b78a27578f13a17b -> 
  custom:container-demuxer-webm: 4f35f7cbe854078d1ac9338744f61a02 -> 
  custom:video-encoder-webm-vp8: eb34c28f22e8b96e1ab97ce403110664 -> 
  custom:video-codec-MediaFoundation-h265: 746d11721c4dcdbdad8f713fa42b33f4 -> 
  custom:audio-encoder-webm-vorbis: bf7c407c2cedff20999df2af8eb42d56 -> 
  custom:framework-win-MediaFoundation: 216162199b28c13a410421893ffa2e32 -> 
  custom:container-demuxer-ogg: 62fdf1f143b41e24485cea50d1cbac27 -> 
  custom:video-decoder-webm-vp8: 9c59270c3fd7afecdb556c50c9e8de78 -> 
  custom:audio-decoder-ogg-vorbis: bf7c407c2cedff20999df2af8eb42d56 -> 
========================================================================
Received Import Request.
  Time since last request: 30131.969815 seconds.
  path: Assets/Textures/Door_Edge.mat
  artifactKey: Guid(b7a2e7b665e146546aaf0198a8650e5a) Importer(815301076,1909f56bfc062723c751e8b465ee728b)
Start importing Assets/Textures/Door_Edge.mat using Guid(b7a2e7b665e146546aaf0198a8650e5a) Importer(815301076,1909f56bfc062723c751e8b465ee728b)  -> (artifact id: '3c7561bfb041fbaa50f0cff5d436c907') in 0.250368 seconds 
========================================================================
Received Import Request.
  Time since last request: 98.974737 seconds.
  path: Assets/Textures/Door_Edge.mat
  artifactKey: Guid(b7a2e7b665e146546aaf0198a8650e5a) Importer(815301076,1909f56bfc062723c751e8b465ee728b)
Start importing Assets/Textures/Door_Edge.mat using Guid(b7a2e7b665e146546aaf0198a8650e5a) Importer(815301076,1909f56bfc062723c751e8b465ee728b)  -> (artifact id: 'bcb58d0de7323f807d4f5337f0949eb8') in 0.025406 seconds 
========================================================================
Received Import Request.
  Time since last request: 38.547783 seconds.
  path: Assets/Textures/Areas/cams/CAMS_01_building_01.png
  artifactKey: Guid(ae0185ddcae25c04797cecba6dd665c8) Importer(815301076,1909f56bfc062723c751e8b465ee728b)
Start importing Assets/Textures/Areas/cams/CAMS_01_building_01.png using Guid(ae0185ddcae25c04797cecba6dd665c8) Importer(815301076,1909f56bfc062723c751e8b465ee728b)  -> (artifact id: '06d447fd6fbb438299bf2354261baa07') in 0.115165 seconds 
========================================================================
Received Import Request.
  Time since last request: 0.000029 seconds.
  path: Assets/Textures/Areas/cams/CAMS_01_shadow_01.png
  artifactKey: Guid(0f804acbee381a94d979eed922145be0) Importer(815301076,1909f56bfc062723c751e8b465ee728b)
Start importing Assets/Textures/Areas/cams/CAMS_01_shadow_01.png using Guid(0f804acbee381a94d979eed922145be0) Importer(815301076,1909f56bfc062723c751e8b465ee728b)  -> (artifact id: '97a7e550da036483d98c2b4edbf19aa7') in 0.088497 seconds 
========================================================================
Received Import Request.
  Time since last request: 0.000038 seconds.
  path: Assets/Textures/Areas/cams/CAMS_01_shadow_02.png
  artifactKey: Guid(0d54944c1a8adac4ca37ceab65350acd) Importer(815301076,1909f56bfc062723c751e8b465ee728b)
Start importing Assets/Textures/Areas/cams/CAMS_01_shadow_02.png using Guid(0d54944c1a8adac4ca37ceab65350acd) Importer(815301076,1909f56bfc062723c751e8b465ee728b)  -> (artifact id: '6a5c347d43aebeeeb05ae62a7d367719') in 0.086830 seconds 
========================================================================
Received Import Request.
  Time since last request: 0.000042 seconds.
  path: Assets/Textures/Areas/Casino/Entrance_Door.mat
  artifactKey: Guid(bfdcdbd3d6635bb44964485fe23d7671) Importer(815301076,1909f56bfc062723c751e8b465ee728b)
Start importing Assets/Textures/Areas/Casino/Entrance_Door.mat using Guid(bfdcdbd3d6635bb44964485fe23d7671) Importer(815301076,1909f56bfc062723c751e8b465ee728b)  -> (artifact id: 'bb565224ac9b15cea5ded6b23523a471') in 0.026540 seconds 
========================================================================
Received Import Request.
  Time since last request: 0.000028 seconds.
  path: Assets/Textures/Areas/cams/CAMS_01_ground.png
  artifactKey: Guid(151ce151c9e42ea46add8aace904253d) Importer(815301076,1909f56bfc062723c751e8b465ee728b)
Start importing Assets/Textures/Areas/cams/CAMS_01_ground.png using Guid(151ce151c9e42ea46add8aace904253d) Importer(815301076,1909f56bfc062723c751e8b465ee728b)  -> (artifact id: '733b5228a9e308489795ea51717e83bd') in 0.062515 seconds 
========================================================================
Received Import Request.
  Time since last request: 0.000023 seconds.
  path: Assets/Textures/Areas/cams/CAMS_01_walls_02.png
  artifactKey: Guid(3fc7a28167ce5254390fb8ed2b31710e) Importer(815301076,1909f56bfc062723c751e8b465ee728b)
Start importing Assets/Textures/Areas/cams/CAMS_01_walls_02.png using Guid(3fc7a28167ce5254390fb8ed2b31710e) Importer(815301076,1909f56bfc062723c751e8b465ee728b)  -> (artifact id: 'ee9efb5f05e14f2de4f89a1dfb26f02b') in 0.040617 seconds 
========================================================================
Received Import Request.
  Time since last request: 14.202432 seconds.
  path: Assets/Textures/Areas/Casino/Entrance_Door.mat
  artifactKey: Guid(bfdcdbd3d6635bb44964485fe23d7671) Importer(815301076,1909f56bfc062723c751e8b465ee728b)
Start importing Assets/Textures/Areas/Casino/Entrance_Door.mat using Guid(bfdcdbd3d6635bb44964485fe23d7671) Importer(815301076,1909f56bfc062723c751e8b465ee728b)  -> (artifact id: '3d8f5d559b5af2186841fac65ae9b833') in 0.030388 seconds 
========================================================================
Received Import Request.
  Time since last request: 21.531106 seconds.
  path: Packages/com.unity.probuilder/Content/Icons/Tools/ShapeTool/Door.png
  artifactKey: Guid(2aae95362d9092446b7e52e5eef542f7) Importer(815301076,1909f56bfc062723c751e8b465ee728b)
Start importing Packages/com.unity.probuilder/Content/Icons/Tools/ShapeTool/Door.png using Guid(2aae95362d9092446b7e52e5eef542f7) Importer(815301076,1909f56bfc062723c751e8b465ee728b)  -> (artifact id: '308082d452de78da72c32d45d2e45648') in 0.023128 seconds 
========================================================================
Received Import Request.
  Time since last request: 0.000041 seconds.
  path: Packages/com.unity.probuilder/Content/Icons/Tools/ShapeTool/Door_Light.png
  artifactKey: Guid(93181b6a40269b74ba04b4e951439a45) Importer(815301076,1909f56bfc062723c751e8b465ee728b)
Start importing Packages/com.unity.probuilder/Content/Icons/Tools/ShapeTool/Door_Light.png using Guid(93181b6a40269b74ba04b4e951439a45) Importer(815301076,1909f56bfc062723c751e8b465ee728b)  -> (artifact id: '825d8056ea5b80959e915e65d1be3541') in 0.017294 seconds 
Editor requested this worker to shutdown with reason: Scaling down because of idle timeout
AssetImportWorker is now disconnected from the server
Process exiting
Exiting without the bug reporter. Application will terminate with return code 0